<?xml version="1.0" encoding="UTF-8"?>
<!-- Generated by org.testng.reporters.JUnitReportReporter -->
<testsuite skipped="0" hostname="krish" name="dataprovider.f1" tests="3" failures="0" timestamp="2023-12-21T19:48:32 IST" time="29.162" errors="0">
  <testcase name="DataProvSampleTest" time="7.828" classname="dataprovider.f1"/>
  <system-out/>
  <testcase name="DataProvSampleTest" time="8.188" classname="dataprovider.f1"/>
  <system-out/>
  <testcase name="DataProvSampleTest" time="13.146" classname="dataprovider.f1"/>
  <system-out/>
</testsuite> <!-- dataprovider.f1 -->
