<?xml version="1.0" encoding="UTF-8"?>
<!-- Generated by org.testng.reporters.JUnitReportReporter -->
<testsuite skipped="0" hostname="krish" name="testnde.rea" tests="7" failures="0" timestamp="2023-11-27T21:21:10 IST" time="8.436" errors="0">
  <testcase name="visiting" time="3.424" classname="testnde.rea"/>
  <system-out/>
  <testcase name="max" time="0.137" classname="testnde.rea"/>
  <system-out/>
  <testcase name="refresh" time="0.592" classname="testnde.rea"/>
  <system-out/>
  <testcase name="refresh" time="0.780" classname="testnde.rea"/>
  <system-out/>
  <testcase name="refresh" time="0.655" classname="testnde.rea"/>
  <system-out/>
  <testcase name="sending" time="0.146" classname="testnde.rea"/>
  <system-out/>
  <testcase name="close" time="2.702" classname="testnde.rea"/>
  <system-out/>
</testsuite> <!-- testnde.rea -->
