<?xml version="1.0" encoding="UTF-8"?>
<!-- Generated by org.testng.reporters.JUnitReportReporter -->
<testsuite skipped="1" hostname="krish" name="testngat.t1" tests="3" failures="0" timestamp="2023-11-24T21:29:51 IST" time="0.012" errors="0">
  <testcase name="ab" time="0.008" classname="testngat.t1"/>
  <system-out/>
  <testcase name="m2" time="0.004" classname="testngat.t1"/>
  <system-out/>
  <testcase name="m1" classname="testngat.t1">
    <skipped/>
  </testcase> <!-- m1 -->
  <system-out/>
</testsuite> <!-- testngat.t1 -->
