<?xml version="1.0" encoding="UTF-8"?>
<!-- Generated by org.testng.reporters.JUnitReportReporter -->
<testsuite skipped="0" hostname="krish" name="testnde.d2" tests="3" failures="0" timestamp="2023-11-27T21:12:17 IST" time="0.012" errors="0">
  <testcase name="t1" time="0.008" classname="testnde.d2"/>
  <system-out/>
  <testcase name="tc2" time="0.001" classname="testnde.d2"/>
  <system-out/>
  <testcase name="hm" time="0.003" classname="testnde.d2"/>
  <system-out/>
</testsuite> <!-- testnde.d2 -->
